462934 [pool-1-thread-1] INFO  C.services.DataScheduler – SCHEDULED task started at 25-05-2021 00:00:00
463008 [pool-1-thread-1] INFO  C.services.DataScheduler – File items.txt was deleted: true
463023 [pool-1-thread-1] INFO  C.services.DataScheduler – File shopCarts.txt was deleted: true
463637 [pool-1-thread-1] INFO  C.config.TimeAspect – Method: getAllShopCarts in ShopCartService, work time: 599 ms
463667 [pool-1-thread-1] INFO  C.config.TimeAspect – Method: getAllItems in ItemService, work time: 23 ms
463669 [pool-1-thread-1] INFO  C.services.DataScheduler – SCHEDULED task finished.
463670 [pool-1-thread-1] INFO  C.config.TimeAspect – Method: start in DataScheduler, work time: 754 ms
512231 [SpringContextShutdownHook] INFO  o.s.s.c.ThreadPoolTaskExecutor – Shutting down ExecutorService 'applicationTaskExecutor'
512236 [SpringContextShutdownHook] INFO  o.s.o.j.LocalContainerEntityManagerFactoryBean – Closing JPA EntityManagerFactory for persistence unit 'default'
512244 [SpringContextShutdownHook] INFO  com.zaxxer.hikari.HikariDataSource – HikariPool-1 - Shutdown initiated...
512255 [SpringContextShutdownHook] INFO  com.zaxxer.hikari.HikariDataSource – HikariPool-1 - Shutdown completed.
3089 [background-preinit] INFO  o.h.validator.internal.util.Version – HV000001: Hibernate Validator 6.1.7.Final
3106 [restartedMain] INFO  C.ServerStart – Starting ServerStart using Java 15.0.2 on DESKTOP-Q4Q7FBO with PID 4132 (C:\Android\AndroidProject\ConfectioneryApplicationServer\build\classes\java\main started by Марис in C:\Android\AndroidProject\ConfectioneryApplicationServer)
3108 [restartedMain] INFO  C.ServerStart – No active profile set, falling back to default profiles: default
3352 [restartedMain] INFO  o.s.b.d.e.DevToolsPropertyDefaultsPostProcessor – Devtools property defaults active! Set 'spring.devtools.add-properties' to 'false' to disable
3352 [restartedMain] INFO  o.s.b.d.e.DevToolsPropertyDefaultsPostProcessor – For additional web related logging consider setting the 'logging.level.web' property to 'DEBUG'
6323 [restartedMain] INFO  o.s.d.r.c.RepositoryConfigurationDelegate – Bootstrapping Spring Data JPA repositories in DEFAULT mode.
6564 [restartedMain] INFO  o.s.d.r.c.RepositoryConfigurationDelegate – Finished Spring Data repository scanning in 207 ms. Found 3 JPA repository interfaces.
8545 [restartedMain] INFO  o.s.b.w.e.tomcat.TomcatWebServer – Tomcat initialized with port(s): 8080 (http)
8575 [restartedMain] INFO  o.a.coyote.http11.Http11NioProtocol – Initializing ProtocolHandler ["http-nio-8080"]
8576 [restartedMain] INFO  o.a.catalina.core.StandardService – Starting service [Tomcat]
8576 [restartedMain] INFO  o.a.catalina.core.StandardEngine – Starting Servlet engine: [Apache Tomcat/9.0.44]
8976 [restartedMain] INFO  o.a.c.c.C.[Tomcat].[localhost].[/] – Initializing Spring embedded WebApplicationContext
8977 [restartedMain] INFO  o.s.b.w.s.c.ServletWebServerApplicationContext – Root WebApplicationContext: initialization completed in 5621 ms
9386 [restartedMain] INFO  o.h.jpa.internal.util.LogHelper – HHH000204: Processing PersistenceUnitInfo [name: default]
9525 [restartedMain] INFO  org.hibernate.Version – HHH000412: Hibernate ORM core version 5.4.29.Final
9944 [restartedMain] INFO  o.h.annotations.common.Version – HCANN000001: Hibernate Commons Annotations {5.1.2.Final}
10345 [restartedMain] INFO  com.zaxxer.hikari.HikariDataSource – HikariPool-1 - Starting...
11026 [restartedMain] INFO  com.zaxxer.hikari.HikariDataSource – HikariPool-1 - Start completed.
11087 [restartedMain] INFO  org.hibernate.dialect.Dialect – HHH000400: Using dialect: org.hibernate.dialect.PostgreSQL10Dialect
13886 [restartedMain] INFO  o.h.e.t.j.p.i.JtaPlatformInitiator – HHH000490: Using JtaPlatform implementation: [org.hibernate.engine.transaction.jta.platform.internal.NoJtaPlatform]
13911 [restartedMain] INFO  o.s.o.j.LocalContainerEntityManagerFactoryBean – Initialized JPA EntityManagerFactory for persistence unit 'default'
14379 [restartedMain] INFO  o.s.b.d.a.OptionalLiveReloadServer – LiveReload server is running on port 35729
16110 [restartedMain] INFO  o.s.s.w.DefaultSecurityFilterChain – Will secure any request with [org.springframework.security.web.context.request.async.WebAsyncManagerIntegrationFilter@6418dbe0, org.springframework.security.web.context.SecurityContextPersistenceFilter@a64414f, org.springframework.security.web.header.HeaderWriterFilter@784a27e6, org.springframework.security.web.authentication.logout.LogoutFilter@423b5575, org.springframework.security.web.authentication.UsernamePasswordAuthenticationFilter@78c7e822, org.springframework.security.web.authentication.ui.DefaultLoginPageGeneratingFilter@78254f3, org.springframework.security.web.authentication.ui.DefaultLogoutPageGeneratingFilter@5756924f, org.springframework.security.web.savedrequest.RequestCacheAwareFilter@249abf79, org.springframework.security.web.servletapi.SecurityContextHolderAwareRequestFilter@2a00ff38, org.springframework.security.web.authentication.AnonymousAuthenticationFilter@5a9217ae, org.springframework.security.web.session.SessionManagementFilter@2951ebdf, org.springframework.security.web.access.ExceptionTranslationFilter@7053c88e, org.springframework.security.web.access.intercept.FilterSecurityInterceptor@6bae5961]
16491 [restartedMain] INFO  o.s.s.c.ThreadPoolTaskExecutor – Initializing ExecutorService 'applicationTaskExecutor'
17135 [restartedMain] INFO  o.a.coyote.http11.Http11NioProtocol – Starting ProtocolHandler ["http-nio-8080"]
17187 [restartedMain] INFO  o.s.b.w.e.tomcat.TomcatWebServer – Tomcat started on port(s): 8080 (http) with context path ''
17206 [restartedMain] INFO  o.s.s.a.ScheduledAnnotationBeanPostProcessor – No TaskScheduler/ScheduledExecutorService bean found for scheduled processing
17233 [restartedMain] INFO  C.ServerStart – Started ServerStart in 15.094 seconds (JVM running for 19.455)
255460 [http-nio-8080-exec-2] INFO  o.a.c.c.C.[Tomcat].[localhost].[/] – Initializing Spring DispatcherServlet 'dispatcherServlet'
255461 [http-nio-8080-exec-2] INFO  o.s.web.servlet.DispatcherServlet – Initializing Servlet 'dispatcherServlet'
255463 [http-nio-8080-exec-2] INFO  o.s.web.servlet.DispatcherServlet – Completed initialization in 2 ms
295086 [http-nio-8080-exec-4] WARN  o.s.w.s.m.s.DefaultHandlerExceptionResolver – Resolved [org.springframework.web.HttpRequestMethodNotSupportedException: Request method 'POST' not supported]
993190 [SpringContextShutdownHook] INFO  o.s.s.c.ThreadPoolTaskExecutor – Shutting down ExecutorService 'applicationTaskExecutor'
993195 [SpringContextShutdownHook] INFO  o.s.o.j.LocalContainerEntityManagerFactoryBean – Closing JPA EntityManagerFactory for persistence unit 'default'
993202 [SpringContextShutdownHook] INFO  com.zaxxer.hikari.HikariDataSource – HikariPool-1 - Shutdown initiated...
993215 [SpringContextShutdownHook] INFO  com.zaxxer.hikari.HikariDataSource – HikariPool-1 - Shutdown completed.
2483 [restartedMain] INFO  C.ServerStart – Starting ServerStart using Java 15.0.2 on DESKTOP-Q4Q7FBO with PID 9164 (C:\Android\AndroidProject\ConfectioneryApplicationServer\build\classes\java\main started by Марис in C:\Android\AndroidProject\ConfectioneryApplicationServer)
2487 [background-preinit] INFO  o.h.validator.internal.util.Version – HV000001: Hibernate Validator 6.1.7.Final
2492 [restartedMain] INFO  C.ServerStart – No active profile set, falling back to default profiles: default
2752 [restartedMain] INFO  o.s.b.d.e.DevToolsPropertyDefaultsPostProcessor – Devtools property defaults active! Set 'spring.devtools.add-properties' to 'false' to disable
2753 [restartedMain] INFO  o.s.b.d.e.DevToolsPropertyDefaultsPostProcessor – For additional web related logging consider setting the 'logging.level.web' property to 'DEBUG'
5949 [restartedMain] INFO  o.s.d.r.c.RepositoryConfigurationDelegate – Bootstrapping Spring Data JPA repositories in DEFAULT mode.
6194 [restartedMain] INFO  o.s.d.r.c.RepositoryConfigurationDelegate – Finished Spring Data repository scanning in 219 ms. Found 3 JPA repository interfaces.
8430 [restartedMain] INFO  o.s.b.w.e.tomcat.TomcatWebServer – Tomcat initialized with port(s): 8080 (http)
8450 [restartedMain] INFO  o.a.coyote.http11.Http11NioProtocol – Initializing ProtocolHandler ["http-nio-8080"]
8451 [restartedMain] INFO  o.a.catalina.core.StandardService – Starting service [Tomcat]
8451 [restartedMain] INFO  o.a.catalina.core.StandardEngine – Starting Servlet engine: [Apache Tomcat/9.0.44]
9003 [restartedMain] INFO  o.a.c.c.C.[Tomcat].[localhost].[/] – Initializing Spring embedded WebApplicationContext
9004 [restartedMain] INFO  o.s.b.w.s.c.ServletWebServerApplicationContext – Root WebApplicationContext: initialization completed in 6247 ms
9507 [restartedMain] INFO  o.h.jpa.internal.util.LogHelper – HHH000204: Processing PersistenceUnitInfo [name: default]
9621 [restartedMain] INFO  org.hibernate.Version – HHH000412: Hibernate ORM core version 5.4.29.Final
9889 [restartedMain] INFO  o.h.annotations.common.Version – HCANN000001: Hibernate Commons Annotations {5.1.2.Final}
10136 [restartedMain] INFO  com.zaxxer.hikari.HikariDataSource – HikariPool-1 - Starting...
10582 [restartedMain] INFO  com.zaxxer.hikari.HikariDataSource – HikariPool-1 - Start completed.
10655 [restartedMain] INFO  org.hibernate.dialect.Dialect – HHH000400: Using dialect: org.hibernate.dialect.PostgreSQL10Dialect
13067 [restartedMain] INFO  o.h.e.t.j.p.i.JtaPlatformInitiator – HHH000490: Using JtaPlatform implementation: [org.hibernate.engine.transaction.jta.platform.internal.NoJtaPlatform]
13089 [restartedMain] INFO  o.s.o.j.LocalContainerEntityManagerFactoryBean – Initialized JPA EntityManagerFactory for persistence unit 'default'
13322 [restartedMain] INFO  o.s.b.d.a.OptionalLiveReloadServer – LiveReload server is running on port 35729
14865 [restartedMain] INFO  o.s.s.w.DefaultSecurityFilterChain – Will secure any request with [org.springframework.security.web.context.request.async.WebAsyncManagerIntegrationFilter@1d71cc1c, org.springframework.security.web.context.SecurityContextPersistenceFilter@2b7887de, org.springframework.security.web.header.HeaderWriterFilter@615e4356, org.springframework.security.web.authentication.logout.LogoutFilter@1691e4f0, org.springframework.security.web.authentication.UsernamePasswordAuthenticationFilter@432e1495, org.springframework.security.web.authentication.ui.DefaultLoginPageGeneratingFilter@1b8035bf, org.springframework.security.web.authentication.ui.DefaultLogoutPageGeneratingFilter@64a59d14, org.springframework.security.web.savedrequest.RequestCacheAwareFilter@139cbd4c, org.springframework.security.web.servletapi.SecurityContextHolderAwareRequestFilter@4423d736, org.springframework.security.web.authentication.AnonymousAuthenticationFilter@51b24e86, org.springframework.security.web.session.SessionManagementFilter@78254f3, org.springframework.security.web.access.ExceptionTranslationFilter@30c74128, org.springframework.security.web.access.intercept.FilterSecurityInterceptor@3f080622]
15206 [restartedMain] INFO  o.s.s.c.ThreadPoolTaskExecutor – Initializing ExecutorService 'applicationTaskExecutor'
15986 [restartedMain] INFO  o.a.coyote.http11.Http11NioProtocol – Starting ProtocolHandler ["http-nio-8080"]
16027 [restartedMain] INFO  o.s.b.w.e.tomcat.TomcatWebServer – Tomcat started on port(s): 8080 (http) with context path ''
16042 [restartedMain] INFO  o.s.s.a.ScheduledAnnotationBeanPostProcessor – No TaskScheduler/ScheduledExecutorService bean found for scheduled processing
16063 [restartedMain] INFO  C.ServerStart – Started ServerStart in 14.979 seconds (JVM running for 17.794)
51320 [http-nio-8080-exec-1] INFO  o.a.c.c.C.[Tomcat].[localhost].[/] – Initializing Spring DispatcherServlet 'dispatcherServlet'
51320 [http-nio-8080-exec-1] INFO  o.s.web.servlet.DispatcherServlet – Initializing Servlet 'dispatcherServlet'
51322 [http-nio-8080-exec-1] INFO  o.s.web.servlet.DispatcherServlet – Completed initialization in 1 ms
490703 [pool-1-thread-1] INFO  C.services.DataScheduler – SCHEDULED task started at 25-05-2021 00:30:00
490713 [pool-1-thread-1] INFO  C.services.DataScheduler – File items.txt was deleted: true
490714 [pool-1-thread-1] INFO  C.services.DataScheduler – File shopCarts.txt was deleted: true
490805 [pool-1-thread-1] INFO  C.config.TimeAspect – Method: getAllShopCarts in ShopCartService, work time: 84 ms
490837 [pool-1-thread-1] INFO  C.config.TimeAspect – Method: getAllItems in ItemService, work time: 24 ms
490840 [pool-1-thread-1] INFO  C.services.DataScheduler – SCHEDULED task finished.
490840 [pool-1-thread-1] INFO  C.config.TimeAspect – Method: start in DataScheduler, work time: 146 ms
1250901 [SpringContextShutdownHook] INFO  o.s.s.c.ThreadPoolTaskExecutor – Shutting down ExecutorService 'applicationTaskExecutor'
1250907 [SpringContextShutdownHook] INFO  o.s.o.j.LocalContainerEntityManagerFactoryBean – Closing JPA EntityManagerFactory for persistence unit 'default'
1250922 [SpringContextShutdownHook] INFO  com.zaxxer.hikari.HikariDataSource – HikariPool-1 - Shutdown initiated...
1250938 [SpringContextShutdownHook] INFO  com.zaxxer.hikari.HikariDataSource – HikariPool-1 - Shutdown completed.
3154 [restartedMain] INFO  C.ServerStart – Starting ServerStart using Java 15.0.2 on DESKTOP-Q4Q7FBO with PID 2436 (C:\Android\AndroidProject\ConfectioneryApplicationServer\build\classes\java\main started by Марис in C:\Android\AndroidProject\ConfectioneryApplicationServer)
3166 [restartedMain] INFO  C.ServerStart – No active profile set, falling back to default profiles: default
3187 [background-preinit] INFO  o.h.validator.internal.util.Version – HV000001: Hibernate Validator 6.1.7.Final
3472 [restartedMain] INFO  o.s.b.d.e.DevToolsPropertyDefaultsPostProcessor – Devtools property defaults active! Set 'spring.devtools.add-properties' to 'false' to disable
3472 [restartedMain] INFO  o.s.b.d.e.DevToolsPropertyDefaultsPostProcessor – For additional web related logging consider setting the 'logging.level.web' property to 'DEBUG'
9644 [restartedMain] INFO  o.s.d.r.c.RepositoryConfigurationDelegate – Bootstrapping Spring Data JPA repositories in DEFAULT mode.
10089 [restartedMain] INFO  o.s.d.r.c.RepositoryConfigurationDelegate – Finished Spring Data repository scanning in 414 ms. Found 3 JPA repository interfaces.
12370 [restartedMain] INFO  o.s.b.w.e.tomcat.TomcatWebServer – Tomcat initialized with port(s): 8080 (http)
12391 [restartedMain] INFO  o.a.coyote.http11.Http11NioProtocol – Initializing ProtocolHandler ["http-nio-8080"]
12392 [restartedMain] INFO  o.a.catalina.core.StandardService – Starting service [Tomcat]
12392 [restartedMain] INFO  o.a.catalina.core.StandardEngine – Starting Servlet engine: [Apache Tomcat/9.0.44]
12880 [restartedMain] INFO  o.a.c.c.C.[Tomcat].[localhost].[/] – Initializing Spring embedded WebApplicationContext
12881 [restartedMain] INFO  o.s.b.w.s.c.ServletWebServerApplicationContext – Root WebApplicationContext: initialization completed in 9392 ms
13405 [restartedMain] INFO  o.h.jpa.internal.util.LogHelper – HHH000204: Processing PersistenceUnitInfo [name: default]
13535 [restartedMain] INFO  org.hibernate.Version – HHH000412: Hibernate ORM core version 5.4.29.Final
13925 [restartedMain] INFO  o.h.annotations.common.Version – HCANN000001: Hibernate Commons Annotations {5.1.2.Final}
14287 [restartedMain] INFO  com.zaxxer.hikari.HikariDataSource – HikariPool-1 - Starting...
14749 [restartedMain] INFO  com.zaxxer.hikari.HikariDataSource – HikariPool-1 - Start completed.
14839 [restartedMain] INFO  org.hibernate.dialect.Dialect – HHH000400: Using dialect: org.hibernate.dialect.PostgreSQL10Dialect
17556 [restartedMain] INFO  o.h.e.t.j.p.i.JtaPlatformInitiator – HHH000490: Using JtaPlatform implementation: [org.hibernate.engine.transaction.jta.platform.internal.NoJtaPlatform]
17578 [restartedMain] INFO  o.s.o.j.LocalContainerEntityManagerFactoryBean – Initialized JPA EntityManagerFactory for persistence unit 'default'
17900 [restartedMain] INFO  o.s.b.d.a.OptionalLiveReloadServer – LiveReload server is running on port 35729
19542 [restartedMain] INFO  o.s.s.w.DefaultSecurityFilterChain – Will secure any request with [org.springframework.security.web.context.request.async.WebAsyncManagerIntegrationFilter@2b6ed66e, org.springframework.security.web.context.SecurityContextPersistenceFilter@2f8d9d28, org.springframework.security.web.header.HeaderWriterFilter@139cbd4c, org.springframework.security.web.authentication.logout.LogoutFilter@950a7fc, org.springframework.security.web.authentication.UsernamePasswordAuthenticationFilter@1d71cc1c, org.springframework.security.web.authentication.ui.DefaultLoginPageGeneratingFilter@78456a5a, org.springframework.security.web.authentication.ui.DefaultLogoutPageGeneratingFilter@636ba32a, org.springframework.security.web.savedrequest.RequestCacheAwareFilter@95dd355, org.springframework.security.web.servletapi.SecurityContextHolderAwareRequestFilter@18f19e79, org.springframework.security.web.authentication.AnonymousAuthenticationFilter@206e17bf, org.springframework.security.web.session.SessionManagementFilter@3de0d766, org.springframework.security.web.access.ExceptionTranslationFilter@78254f3, org.springframework.security.web.access.intercept.FilterSecurityInterceptor@5504e660]
19954 [restartedMain] INFO  o.s.s.c.ThreadPoolTaskExecutor – Initializing ExecutorService 'applicationTaskExecutor'
20557 [restartedMain] INFO  o.a.coyote.http11.Http11NioProtocol – Starting ProtocolHandler ["http-nio-8080"]
20619 [restartedMain] INFO  o.s.b.w.e.tomcat.TomcatWebServer – Tomcat started on port(s): 8080 (http) with context path ''
20638 [restartedMain] INFO  o.s.s.a.ScheduledAnnotationBeanPostProcessor – No TaskScheduler/ScheduledExecutorService bean found for scheduled processing
20661 [restartedMain] INFO  C.ServerStart – Started ServerStart in 19.257 seconds (JVM running for 23.377)
116099 [http-nio-8080-exec-2] INFO  o.a.c.c.C.[Tomcat].[localhost].[/] – Initializing Spring DispatcherServlet 'dispatcherServlet'
116100 [http-nio-8080-exec-2] INFO  o.s.web.servlet.DispatcherServlet – Initializing Servlet 'dispatcherServlet'
116103 [http-nio-8080-exec-2] INFO  o.s.web.servlet.DispatcherServlet – Completed initialization in 2 ms
980971 [pool-1-thread-1] INFO  C.services.DataScheduler – SCHEDULED task started at 25-05-2021 01:00:00
980981 [pool-1-thread-1] INFO  C.services.DataScheduler – File items.txt was deleted: true
980983 [pool-1-thread-1] INFO  C.services.DataScheduler – File shopCarts.txt was deleted: true
981019 [pool-1-thread-1] INFO  C.config.TimeAspect – Method: getAllShopCarts in ShopCartService, work time: 29 ms
981037 [pool-1-thread-1] INFO  C.config.TimeAspect – Method: getAllItems in ItemService, work time: 13 ms
981039 [pool-1-thread-1] INFO  C.services.DataScheduler – SCHEDULED task finished.
981040 [pool-1-thread-1] INFO  C.config.TimeAspect – Method: start in DataScheduler, work time: 80 ms
1256823 [SpringContextShutdownHook] INFO  o.s.s.c.ThreadPoolTaskExecutor – Shutting down ExecutorService 'applicationTaskExecutor'
1256829 [SpringContextShutdownHook] INFO  o.s.o.j.LocalContainerEntityManagerFactoryBean – Closing JPA EntityManagerFactory for persistence unit 'default'
1256836 [SpringContextShutdownHook] INFO  com.zaxxer.hikari.HikariDataSource – HikariPool-1 - Shutdown initiated...
1256859 [SpringContextShutdownHook] INFO  com.zaxxer.hikari.HikariDataSource – HikariPool-1 - Shutdown completed.
2060 [background-preinit] INFO  o.h.validator.internal.util.Version – HV000001: Hibernate Validator 6.1.7.Final
2060 [restartedMain] INFO  C.ServerStart – Starting ServerStart using Java 15.0.2 on DESKTOP-Q4Q7FBO with PID 8448 (C:\Android\AndroidProject\ConfectioneryApplicationServer\build\classes\java\main started by Марис in C:\Android\AndroidProject\ConfectioneryApplicationServer)
2069 [restartedMain] INFO  C.ServerStart – No active profile set, falling back to default profiles: default
2259 [restartedMain] INFO  o.s.b.d.e.DevToolsPropertyDefaultsPostProcessor – Devtools property defaults active! Set 'spring.devtools.add-properties' to 'false' to disable
2259 [restartedMain] INFO  o.s.b.d.e.DevToolsPropertyDefaultsPostProcessor – For additional web related logging consider setting the 'logging.level.web' property to 'DEBUG'
4831 [restartedMain] INFO  o.s.d.r.c.RepositoryConfigurationDelegate – Bootstrapping Spring Data JPA repositories in DEFAULT mode.
5085 [restartedMain] INFO  o.s.d.r.c.RepositoryConfigurationDelegate – Finished Spring Data repository scanning in 230 ms. Found 3 JPA repository interfaces.
7177 [restartedMain] INFO  o.s.b.w.e.tomcat.TomcatWebServer – Tomcat initialized with port(s): 8080 (http)
7205 [restartedMain] INFO  o.a.coyote.http11.Http11NioProtocol – Initializing ProtocolHandler ["http-nio-8080"]
7206 [restartedMain] INFO  o.a.catalina.core.StandardService – Starting service [Tomcat]
7206 [restartedMain] INFO  o.a.catalina.core.StandardEngine – Starting Servlet engine: [Apache Tomcat/9.0.44]
8192 [restartedMain] INFO  o.a.c.c.C.[Tomcat].[localhost].[/] – Initializing Spring embedded WebApplicationContext
8193 [restartedMain] INFO  o.s.b.w.s.c.ServletWebServerApplicationContext – Root WebApplicationContext: initialization completed in 5929 ms
8723 [restartedMain] INFO  o.h.jpa.internal.util.LogHelper – HHH000204: Processing PersistenceUnitInfo [name: default]
8893 [restartedMain] INFO  org.hibernate.Version – HHH000412: Hibernate ORM core version 5.4.29.Final
9509 [restartedMain] INFO  o.h.annotations.common.Version – HCANN000001: Hibernate Commons Annotations {5.1.2.Final}
10118 [restartedMain] INFO  com.zaxxer.hikari.HikariDataSource – HikariPool-1 - Starting...
10626 [restartedMain] INFO  com.zaxxer.hikari.HikariDataSource – HikariPool-1 - Start completed.
10718 [restartedMain] INFO  org.hibernate.dialect.Dialect – HHH000400: Using dialect: org.hibernate.dialect.PostgreSQL10Dialect
14021 [restartedMain] INFO  o.h.e.t.j.p.i.JtaPlatformInitiator – HHH000490: Using JtaPlatform implementation: [org.hibernate.engine.transaction.jta.platform.internal.NoJtaPlatform]
14057 [restartedMain] INFO  o.s.o.j.LocalContainerEntityManagerFactoryBean – Initialized JPA EntityManagerFactory for persistence unit 'default'
14424 [restartedMain] INFO  o.s.b.d.a.OptionalLiveReloadServer – LiveReload server is running on port 35729
16652 [restartedMain] INFO  o.s.s.w.DefaultSecurityFilterChain – Will secure any request with [org.springframework.security.web.context.request.async.WebAsyncManagerIntegrationFilter@6418dbe0, org.springframework.security.web.context.SecurityContextPersistenceFilter@a64414f, org.springframework.security.web.header.HeaderWriterFilter@784a27e6, org.springframework.security.web.authentication.logout.LogoutFilter@423b5575, org.springframework.security.web.authentication.UsernamePasswordAuthenticationFilter@78c7e822, org.springframework.security.web.authentication.ui.DefaultLoginPageGeneratingFilter@78254f3, org.springframework.security.web.authentication.ui.DefaultLogoutPageGeneratingFilter@5756924f, org.springframework.security.web.savedrequest.RequestCacheAwareFilter@249abf79, org.springframework.security.web.servletapi.SecurityContextHolderAwareRequestFilter@2a00ff38, org.springframework.security.web.authentication.AnonymousAuthenticationFilter@5a9217ae, org.springframework.security.web.session.SessionManagementFilter@2951ebdf, org.springframework.security.web.access.ExceptionTranslationFilter@7053c88e, org.springframework.security.web.access.intercept.FilterSecurityInterceptor@6bae5961]
17023 [restartedMain] INFO  o.s.s.c.ThreadPoolTaskExecutor – Initializing ExecutorService 'applicationTaskExecutor'
17754 [restartedMain] INFO  o.a.coyote.http11.Http11NioProtocol – Starting ProtocolHandler ["http-nio-8080"]
17813 [restartedMain] INFO  o.s.b.w.e.tomcat.TomcatWebServer – Tomcat started on port(s): 8080 (http) with context path ''
17836 [restartedMain] INFO  o.s.s.a.ScheduledAnnotationBeanPostProcessor – No TaskScheduler/ScheduledExecutorService bean found for scheduled processing
17859 [restartedMain] INFO  C.ServerStart – Started ServerStart in 16.857 seconds (JVM running for 19.767)
66799 [http-nio-8080-exec-2] INFO  o.a.c.c.C.[Tomcat].[localhost].[/] – Initializing Spring DispatcherServlet 'dispatcherServlet'
66799 [http-nio-8080-exec-2] INFO  o.s.web.servlet.DispatcherServlet – Initializing Servlet 'dispatcherServlet'
66801 [http-nio-8080-exec-2] INFO  o.s.web.servlet.DispatcherServlet – Completed initialization in 2 ms
229945 [SpringContextShutdownHook] INFO  o.s.s.c.ThreadPoolTaskExecutor – Shutting down ExecutorService 'applicationTaskExecutor'
229952 [SpringContextShutdownHook] INFO  o.s.o.j.LocalContainerEntityManagerFactoryBean – Closing JPA EntityManagerFactory for persistence unit 'default'
229958 [SpringContextShutdownHook] INFO  com.zaxxer.hikari.HikariDataSource – HikariPool-1 - Shutdown initiated...
229975 [SpringContextShutdownHook] INFO  com.zaxxer.hikari.HikariDataSource – HikariPool-1 - Shutdown completed.
2927 [background-preinit] INFO  o.h.validator.internal.util.Version – HV000001: Hibernate Validator 6.1.7.Final
2962 [restartedMain] INFO  C.ServerStart – Starting ServerStart using Java 15.0.2 on DESKTOP-Q4Q7FBO with PID 13152 (C:\Android\AndroidProject\ConfectioneryApplicationServer\build\classes\java\main started by Марис in C:\Android\AndroidProject\ConfectioneryApplicationServer)
2964 [restartedMain] INFO  C.ServerStart – No active profile set, falling back to default profiles: default
3213 [restartedMain] INFO  o.s.b.d.e.DevToolsPropertyDefaultsPostProcessor – Devtools property defaults active! Set 'spring.devtools.add-properties' to 'false' to disable
3214 [restartedMain] INFO  o.s.b.d.e.DevToolsPropertyDefaultsPostProcessor – For additional web related logging consider setting the 'logging.level.web' property to 'DEBUG'
6931 [restartedMain] INFO  o.s.d.r.c.RepositoryConfigurationDelegate – Bootstrapping Spring Data JPA repositories in DEFAULT mode.
7257 [restartedMain] INFO  o.s.d.r.c.RepositoryConfigurationDelegate – Finished Spring Data repository scanning in 286 ms. Found 3 JPA repository interfaces.
9782 [restartedMain] INFO  o.s.b.w.e.tomcat.TomcatWebServer – Tomcat initialized with port(s): 8080 (http)
9813 [restartedMain] INFO  o.a.coyote.http11.Http11NioProtocol – Initializing ProtocolHandler ["http-nio-8080"]
9814 [restartedMain] INFO  o.a.catalina.core.StandardService – Starting service [Tomcat]
9815 [restartedMain] INFO  o.a.catalina.core.StandardEngine – Starting Servlet engine: [Apache Tomcat/9.0.44]
10389 [restartedMain] INFO  o.a.c.c.C.[Tomcat].[localhost].[/] – Initializing Spring embedded WebApplicationContext
10396 [restartedMain] INFO  o.s.b.w.s.c.ServletWebServerApplicationContext – Root WebApplicationContext: initialization completed in 7142 ms
10817 [restartedMain] INFO  o.h.jpa.internal.util.LogHelper – HHH000204: Processing PersistenceUnitInfo [name: default]
11025 [restartedMain] INFO  org.hibernate.Version – HHH000412: Hibernate ORM core version 5.4.29.Final
11501 [restartedMain] INFO  o.h.annotations.common.Version – HCANN000001: Hibernate Commons Annotations {5.1.2.Final}
12027 [restartedMain] INFO  com.zaxxer.hikari.HikariDataSource – HikariPool-1 - Starting...
12633 [restartedMain] INFO  com.zaxxer.hikari.HikariDataSource – HikariPool-1 - Start completed.
12703 [restartedMain] INFO  org.hibernate.dialect.Dialect – HHH000400: Using dialect: org.hibernate.dialect.PostgreSQL10Dialect
15565 [restartedMain] INFO  o.h.e.t.j.p.i.JtaPlatformInitiator – HHH000490: Using JtaPlatform implementation: [org.hibernate.engine.transaction.jta.platform.internal.NoJtaPlatform]
15588 [restartedMain] INFO  o.s.o.j.LocalContainerEntityManagerFactoryBean – Initialized JPA EntityManagerFactory for persistence unit 'default'
15882 [restartedMain] INFO  o.s.b.d.a.OptionalLiveReloadServer – LiveReload server is running on port 35729
17468 [restartedMain] INFO  o.s.s.w.DefaultSecurityFilterChain – Will secure any request with [org.springframework.security.web.context.request.async.WebAsyncManagerIntegrationFilter@70dccc11, org.springframework.security.web.context.SecurityContextPersistenceFilter@718b076a, org.springframework.security.web.header.HeaderWriterFilter@2b3b3e3, org.springframework.security.web.authentication.logout.LogoutFilter@499a2d7c, org.springframework.security.web.authentication.UsernamePasswordAuthenticationFilter@342f7684, org.springframework.security.web.authentication.ui.DefaultLoginPageGeneratingFilter@5249ec86, org.springframework.security.web.authentication.ui.DefaultLogoutPageGeneratingFilter@3532d58c, org.springframework.security.web.savedrequest.RequestCacheAwareFilter@30c74128, org.springframework.security.web.servletapi.SecurityContextHolderAwareRequestFilter@139cbd4c, org.springframework.security.web.authentication.AnonymousAuthenticationFilter@2a42cc1c, org.springframework.security.web.session.SessionManagementFilter@46fed25c, org.springframework.security.web.access.ExceptionTranslationFilter@663dcc4c, org.springframework.security.web.access.intercept.FilterSecurityInterceptor@503bbe5d]
17816 [restartedMain] INFO  o.s.s.c.ThreadPoolTaskExecutor – Initializing ExecutorService 'applicationTaskExecutor'
18438 [restartedMain] INFO  o.a.coyote.http11.Http11NioProtocol – Starting ProtocolHandler ["http-nio-8080"]
18484 [restartedMain] INFO  o.s.b.w.e.tomcat.TomcatWebServer – Tomcat started on port(s): 8080 (http) with context path ''
18502 [restartedMain] INFO  o.s.s.a.ScheduledAnnotationBeanPostProcessor – No TaskScheduler/ScheduledExecutorService bean found for scheduled processing
18524 [restartedMain] INFO  C.ServerStart – Started ServerStart in 17.046 seconds (JVM running for 21.906)
200188 [http-nio-8080-exec-2] INFO  o.a.c.c.C.[Tomcat].[localhost].[/] – Initializing Spring DispatcherServlet 'dispatcherServlet'
200189 [http-nio-8080-exec-2] INFO  o.s.web.servlet.DispatcherServlet – Initializing Servlet 'dispatcherServlet'
200190 [http-nio-8080-exec-2] INFO  o.s.web.servlet.DispatcherServlet – Completed initialization in 1 ms
550147 [SpringContextShutdownHook] INFO  o.s.s.c.ThreadPoolTaskExecutor – Shutting down ExecutorService 'applicationTaskExecutor'
550153 [SpringContextShutdownHook] INFO  o.s.o.j.LocalContainerEntityManagerFactoryBean – Closing JPA EntityManagerFactory for persistence unit 'default'
550161 [SpringContextShutdownHook] INFO  com.zaxxer.hikari.HikariDataSource – HikariPool-1 - Shutdown initiated...
550176 [SpringContextShutdownHook] INFO  com.zaxxer.hikari.HikariDataSource – HikariPool-1 - Shutdown completed.
2736 [background-preinit] INFO  o.h.validator.internal.util.Version – HV000001: Hibernate Validator 6.1.7.Final
2756 [restartedMain] INFO  C.ServerStart – Starting ServerStart using Java 15.0.2 on DESKTOP-Q4Q7FBO with PID 2300 (C:\Android\AndroidProject\ConfectioneryApplicationServer\build\classes\java\main started by Марис in C:\Android\AndroidProject\ConfectioneryApplicationServer)
2759 [restartedMain] INFO  C.ServerStart – No active profile set, falling back to default profiles: default
3063 [restartedMain] INFO  o.s.b.d.e.DevToolsPropertyDefaultsPostProcessor – Devtools property defaults active! Set 'spring.devtools.add-properties' to 'false' to disable
3064 [restartedMain] INFO  o.s.b.d.e.DevToolsPropertyDefaultsPostProcessor – For additional web related logging consider setting the 'logging.level.web' property to 'DEBUG'
6015 [restartedMain] INFO  o.s.d.r.c.RepositoryConfigurationDelegate – Bootstrapping Spring Data JPA repositories in DEFAULT mode.
6227 [restartedMain] INFO  o.s.d.r.c.RepositoryConfigurationDelegate – Finished Spring Data repository scanning in 185 ms. Found 3 JPA repository interfaces.
7930 [restartedMain] INFO  o.s.b.w.e.tomcat.TomcatWebServer – Tomcat initialized with port(s): 8080 (http)
7953 [restartedMain] INFO  o.a.coyote.http11.Http11NioProtocol – Initializing ProtocolHandler ["http-nio-8080"]
7954 [restartedMain] INFO  o.a.catalina.core.StandardService – Starting service [Tomcat]
7955 [restartedMain] INFO  o.a.catalina.core.StandardEngine – Starting Servlet engine: [Apache Tomcat/9.0.44]
8273 [restartedMain] INFO  o.a.c.c.C.[Tomcat].[localhost].[/] – Initializing Spring embedded WebApplicationContext
8273 [restartedMain] INFO  o.s.b.w.s.c.ServletWebServerApplicationContext – Root WebApplicationContext: initialization completed in 5201 ms
8620 [restartedMain] INFO  o.h.jpa.internal.util.LogHelper – HHH000204: Processing PersistenceUnitInfo [name: default]
8733 [restartedMain] INFO  org.hibernate.Version – HHH000412: Hibernate ORM core version 5.4.29.Final
9205 [restartedMain] INFO  o.h.annotations.common.Version – HCANN000001: Hibernate Commons Annotations {5.1.2.Final}
9463 [restartedMain] INFO  com.zaxxer.hikari.HikariDataSource – HikariPool-1 - Starting...
9900 [restartedMain] INFO  com.zaxxer.hikari.HikariDataSource – HikariPool-1 - Start completed.
9965 [restartedMain] INFO  org.hibernate.dialect.Dialect – HHH000400: Using dialect: org.hibernate.dialect.PostgreSQL10Dialect
12785 [restartedMain] INFO  o.h.e.t.j.p.i.JtaPlatformInitiator – HHH000490: Using JtaPlatform implementation: [org.hibernate.engine.transaction.jta.platform.internal.NoJtaPlatform]
12812 [restartedMain] INFO  o.s.o.j.LocalContainerEntityManagerFactoryBean – Initialized JPA EntityManagerFactory for persistence unit 'default'
13200 [restartedMain] INFO  o.s.b.d.a.OptionalLiveReloadServer – LiveReload server is running on port 35729
15091 [restartedMain] INFO  o.s.s.w.DefaultSecurityFilterChain – Will secure any request with [org.springframework.security.web.context.request.async.WebAsyncManagerIntegrationFilter@70dccc11, org.springframework.security.web.context.SecurityContextPersistenceFilter@33a3c19a, org.springframework.security.web.header.HeaderWriterFilter@718b076a, org.springframework.security.web.authentication.logout.LogoutFilter@594db51c, org.springframework.security.web.authentication.UsernamePasswordAuthenticationFilter@342f7684, org.springframework.security.web.authentication.ui.DefaultLoginPageGeneratingFilter@32bd7983, org.springframework.security.web.authentication.ui.DefaultLogoutPageGeneratingFilter@3532d58c, org.springframework.security.web.savedrequest.RequestCacheAwareFilter@615e4356, org.springframework.security.web.servletapi.SecurityContextHolderAwareRequestFilter@2f8d9d28, org.springframework.security.web.authentication.AnonymousAuthenticationFilter@2a42cc1c, org.springframework.security.web.session.SessionManagementFilter@30c74128, org.springframework.security.web.access.ExceptionTranslationFilter@2b3b3e3, org.springframework.security.web.access.intercept.FilterSecurityInterceptor@503bbe5d]
15402 [restartedMain] INFO  o.s.s.c.ThreadPoolTaskExecutor – Initializing ExecutorService 'applicationTaskExecutor'
16664 [restartedMain] INFO  o.a.coyote.http11.Http11NioProtocol – Starting ProtocolHandler ["http-nio-8080"]
16770 [restartedMain] INFO  o.s.b.w.e.tomcat.TomcatWebServer – Tomcat started on port(s): 8080 (http) with context path ''
16792 [restartedMain] INFO  o.s.s.a.ScheduledAnnotationBeanPostProcessor – No TaskScheduler/ScheduledExecutorService bean found for scheduled processing
16831 [restartedMain] INFO  C.ServerStart – Started ServerStart in 15.187 seconds (JVM running for 18.579)
48908 [http-nio-8080-exec-1] INFO  o.a.c.c.C.[Tomcat].[localhost].[/] – Initializing Spring DispatcherServlet 'dispatcherServlet'
48909 [http-nio-8080-exec-1] INFO  o.s.web.servlet.DispatcherServlet – Initializing Servlet 'dispatcherServlet'
48913 [http-nio-8080-exec-1] INFO  o.s.web.servlet.DispatcherServlet – Completed initialization in 4 ms
509057 [SpringContextShutdownHook] INFO  o.s.s.c.ThreadPoolTaskExecutor – Shutting down ExecutorService 'applicationTaskExecutor'
509063 [SpringContextShutdownHook] INFO  o.s.o.j.LocalContainerEntityManagerFactoryBean – Closing JPA EntityManagerFactory for persistence unit 'default'
509070 [SpringContextShutdownHook] INFO  com.zaxxer.hikari.HikariDataSource – HikariPool-1 - Shutdown initiated...
509081 [SpringContextShutdownHook] INFO  com.zaxxer.hikari.HikariDataSource – HikariPool-1 - Shutdown completed.
1762 [background-preinit] INFO  o.h.validator.internal.util.Version – HV000001: Hibernate Validator 6.1.7.Final
1763 [restartedMain] INFO  C.ServerStart – Starting ServerStart using Java 15.0.2 on DESKTOP-Q4Q7FBO with PID 5040 (C:\Android\AndroidProject\ConfectioneryApplicationServer\build\classes\java\main started by Марис in C:\Android\AndroidProject\ConfectioneryApplicationServer)
1770 [restartedMain] INFO  C.ServerStart – No active profile set, falling back to default profiles: default
1904 [restartedMain] INFO  o.s.b.d.e.DevToolsPropertyDefaultsPostProcessor – Devtools property defaults active! Set 'spring.devtools.add-properties' to 'false' to disable
1904 [restartedMain] INFO  o.s.b.d.e.DevToolsPropertyDefaultsPostProcessor – For additional web related logging consider setting the 'logging.level.web' property to 'DEBUG'
4072 [restartedMain] INFO  o.s.d.r.c.RepositoryConfigurationDelegate – Bootstrapping Spring Data JPA repositories in DEFAULT mode.
4298 [restartedMain] INFO  o.s.d.r.c.RepositoryConfigurationDelegate – Finished Spring Data repository scanning in 197 ms. Found 3 JPA repository interfaces.
5949 [restartedMain] INFO  o.s.b.w.e.tomcat.TomcatWebServer – Tomcat initialized with port(s): 8080 (http)
5968 [restartedMain] INFO  o.a.coyote.http11.Http11NioProtocol – Initializing ProtocolHandler ["http-nio-8080"]
5969 [restartedMain] INFO  o.a.catalina.core.StandardService – Starting service [Tomcat]
5969 [restartedMain] INFO  o.a.catalina.core.StandardEngine – Starting Servlet engine: [Apache Tomcat/9.0.44]
6335 [restartedMain] INFO  o.a.c.c.C.[Tomcat].[localhost].[/] – Initializing Spring embedded WebApplicationContext
6335 [restartedMain] INFO  o.s.b.w.s.c.ServletWebServerApplicationContext – Root WebApplicationContext: initialization completed in 4427 ms
6671 [restartedMain] INFO  o.h.jpa.internal.util.LogHelper – HHH000204: Processing PersistenceUnitInfo [name: default]
6776 [restartedMain] INFO  org.hibernate.Version – HHH000412: Hibernate ORM core version 5.4.29.Final
7053 [restartedMain] INFO  o.h.annotations.common.Version – HCANN000001: Hibernate Commons Annotations {5.1.2.Final}
7367 [restartedMain] INFO  com.zaxxer.hikari.HikariDataSource – HikariPool-1 - Starting...
7758 [restartedMain] INFO  com.zaxxer.hikari.HikariDataSource – HikariPool-1 - Start completed.
7807 [restartedMain] INFO  org.hibernate.dialect.Dialect – HHH000400: Using dialect: org.hibernate.dialect.PostgreSQL10Dialect
10351 [restartedMain] INFO  o.h.e.t.j.p.i.JtaPlatformInitiator – HHH000490: Using JtaPlatform implementation: [org.hibernate.engine.transaction.jta.platform.internal.NoJtaPlatform]
10373 [restartedMain] INFO  o.s.o.j.LocalContainerEntityManagerFactoryBean – Initialized JPA EntityManagerFactory for persistence unit 'default'
10636 [restartedMain] INFO  o.s.b.d.a.OptionalLiveReloadServer – LiveReload server is running on port 35729
12187 [restartedMain] INFO  o.s.s.w.DefaultSecurityFilterChain – Will secure any request with [org.springframework.security.web.context.request.async.WebAsyncManagerIntegrationFilter@601327c9, org.springframework.security.web.context.SecurityContextPersistenceFilter@382f377e, org.springframework.security.web.header.HeaderWriterFilter@6b1a811c, org.springframework.security.web.authentication.logout.LogoutFilter@238443d8, org.springframework.security.web.authentication.UsernamePasswordAuthenticationFilter@3532d58c, org.springframework.security.web.authentication.ui.DefaultLoginPageGeneratingFilter@4423d736, org.springframework.security.web.authentication.ui.DefaultLogoutPageGeneratingFilter@5c0d25fb, org.springframework.security.web.savedrequest.RequestCacheAwareFilter@62c44b6, org.springframework.security.web.servletapi.SecurityContextHolderAwareRequestFilter@23037f78, org.springframework.security.web.authentication.AnonymousAuthenticationFilter@2e48fffc, org.springframework.security.web.session.SessionManagementFilter@2a00ff38, org.springframework.security.web.access.ExceptionTranslationFilter@9b0f55, org.springframework.security.web.access.intercept.FilterSecurityInterceptor@342f7684]
12503 [restartedMain] INFO  o.s.s.c.ThreadPoolTaskExecutor – Initializing ExecutorService 'applicationTaskExecutor'
13050 [restartedMain] INFO  o.a.coyote.http11.Http11NioProtocol – Starting ProtocolHandler ["http-nio-8080"]
13101 [restartedMain] INFO  o.s.b.w.e.tomcat.TomcatWebServer – Tomcat started on port(s): 8080 (http) with context path ''
13119 [restartedMain] INFO  o.s.s.a.ScheduledAnnotationBeanPostProcessor – No TaskScheduler/ScheduledExecutorService bean found for scheduled processing
13142 [restartedMain] INFO  C.ServerStart – Started ServerStart in 12.307 seconds (JVM running for 14.627)
35309 [pool-1-thread-1] INFO  C.services.DataScheduler – SCHEDULED task started at 25-05-2021 01:30:00
35317 [pool-1-thread-1] INFO  C.services.DataScheduler – File items.txt was deleted: true
35319 [pool-1-thread-1] INFO  C.services.DataScheduler – File shopCarts.txt was deleted: true
35581 [pool-1-thread-1] INFO  C.config.TimeAspect – Method: getAllShopCarts in ShopCartService, work time: 248 ms
35604 [pool-1-thread-1] INFO  C.config.TimeAspect – Method: getAllItems in ItemService, work time: 17 ms
35607 [pool-1-thread-1] INFO  C.services.DataScheduler – SCHEDULED task finished.
35608 [pool-1-thread-1] INFO  C.config.TimeAspect – Method: start in DataScheduler, work time: 310 ms
46778 [http-nio-8080-exec-1] INFO  o.a.c.c.C.[Tomcat].[localhost].[/] – Initializing Spring DispatcherServlet 'dispatcherServlet'
46779 [http-nio-8080-exec-1] INFO  o.s.web.servlet.DispatcherServlet – Initializing Servlet 'dispatcherServlet'
46780 [http-nio-8080-exec-1] INFO  o.s.web.servlet.DispatcherServlet – Completed initialization in 1 ms
285645 [SpringContextShutdownHook] INFO  o.s.s.c.ThreadPoolTaskExecutor – Shutting down ExecutorService 'applicationTaskExecutor'
285650 [SpringContextShutdownHook] INFO  o.s.o.j.LocalContainerEntityManagerFactoryBean – Closing JPA EntityManagerFactory for persistence unit 'default'
285657 [SpringContextShutdownHook] INFO  com.zaxxer.hikari.HikariDataSource – HikariPool-1 - Shutdown initiated...
285668 [SpringContextShutdownHook] INFO  com.zaxxer.hikari.HikariDataSource – HikariPool-1 - Shutdown completed.
1500 [background-preinit] INFO  o.h.validator.internal.util.Version – HV000001: Hibernate Validator 6.1.7.Final
1500 [restartedMain] INFO  C.ServerStart – Starting ServerStart using Java 15.0.2 on DESKTOP-Q4Q7FBO with PID 7640 (C:\Android\AndroidProject\ConfectioneryApplicationServer\build\classes\java\main started by Марис in C:\Android\AndroidProject\ConfectioneryApplicationServer)
1506 [restartedMain] INFO  C.ServerStart – No active profile set, falling back to default profiles: default
1608 [restartedMain] INFO  o.s.b.d.e.DevToolsPropertyDefaultsPostProcessor – Devtools property defaults active! Set 'spring.devtools.add-properties' to 'false' to disable
1609 [restartedMain] INFO  o.s.b.d.e.DevToolsPropertyDefaultsPostProcessor – For additional web related logging consider setting the 'logging.level.web' property to 'DEBUG'
3382 [restartedMain] INFO  o.s.d.r.c.RepositoryConfigurationDelegate – Bootstrapping Spring Data JPA repositories in DEFAULT mode.
3549 [restartedMain] INFO  o.s.d.r.c.RepositoryConfigurationDelegate – Finished Spring Data repository scanning in 148 ms. Found 3 JPA repository interfaces.
4951 [restartedMain] INFO  o.s.b.w.e.tomcat.TomcatWebServer – Tomcat initialized with port(s): 8080 (http)
4969 [restartedMain] INFO  o.a.coyote.http11.Http11NioProtocol – Initializing ProtocolHandler ["http-nio-8080"]
4970 [restartedMain] INFO  o.a.catalina.core.StandardService – Starting service [Tomcat]
4970 [restartedMain] INFO  o.a.catalina.core.StandardEngine – Starting Servlet engine: [Apache Tomcat/9.0.44]
5260 [restartedMain] INFO  o.a.c.c.C.[Tomcat].[localhost].[/] – Initializing Spring embedded WebApplicationContext
5261 [restartedMain] INFO  o.s.b.w.s.c.ServletWebServerApplicationContext – Root WebApplicationContext: initialization completed in 3648 ms
5563 [restartedMain] INFO  o.h.jpa.internal.util.LogHelper – HHH000204: Processing PersistenceUnitInfo [name: default]
5659 [restartedMain] INFO  org.hibernate.Version – HHH000412: Hibernate ORM core version 5.4.29.Final
5903 [restartedMain] INFO  o.h.annotations.common.Version – HCANN000001: Hibernate Commons Annotations {5.1.2.Final}
6128 [restartedMain] INFO  com.zaxxer.hikari.HikariDataSource – HikariPool-1 - Starting...
6494 [restartedMain] INFO  com.zaxxer.hikari.HikariDataSource – HikariPool-1 - Start completed.
6541 [restartedMain] INFO  org.hibernate.dialect.Dialect – HHH000400: Using dialect: org.hibernate.dialect.PostgreSQL10Dialect
8474 [restartedMain] INFO  o.h.e.t.j.p.i.JtaPlatformInitiator – HHH000490: Using JtaPlatform implementation: [org.hibernate.engine.transaction.jta.platform.internal.NoJtaPlatform]
8494 [restartedMain] INFO  o.s.o.j.LocalContainerEntityManagerFactoryBean – Initialized JPA EntityManagerFactory for persistence unit 'default'
8724 [restartedMain] INFO  o.s.b.d.a.OptionalLiveReloadServer – LiveReload server is running on port 35729
9980 [restartedMain] INFO  o.s.s.w.DefaultSecurityFilterChain – Will secure any request with [org.springframework.security.web.context.request.async.WebAsyncManagerIntegrationFilter@3a63c0f8, org.springframework.security.web.context.SecurityContextPersistenceFilter@39b3fc4d, org.springframework.security.web.header.HeaderWriterFilter@7c0c9048, org.springframework.security.web.authentication.logout.LogoutFilter@1aba35f0, org.springframework.security.web.authentication.UsernamePasswordAuthenticationFilter@750b83e3, org.springframework.security.web.authentication.ui.DefaultLoginPageGeneratingFilter@5b725d9f, org.springframework.security.web.authentication.ui.DefaultLogoutPageGeneratingFilter@3b7f9e3b, org.springframework.security.web.savedrequest.RequestCacheAwareFilter@1fc502b7, org.springframework.security.web.servletapi.SecurityContextHolderAwareRequestFilter@5445894, org.springframework.security.web.authentication.AnonymousAuthenticationFilter@389a68d2, org.springframework.security.web.session.SessionManagementFilter@1e6aa9b4, org.springframework.security.web.access.ExceptionTranslationFilter@61b39ab4, org.springframework.security.web.access.intercept.FilterSecurityInterceptor@200c63ca]
10250 [restartedMain] INFO  o.s.s.c.ThreadPoolTaskExecutor – Initializing ExecutorService 'applicationTaskExecutor'
10733 [restartedMain] INFO  o.a.coyote.http11.Http11NioProtocol – Starting ProtocolHandler ["http-nio-8080"]
10787 [restartedMain] INFO  o.s.b.w.e.tomcat.TomcatWebServer – Tomcat started on port(s): 8080 (http) with context path ''
10803 [restartedMain] INFO  o.s.s.a.ScheduledAnnotationBeanPostProcessor – No TaskScheduler/ScheduledExecutorService bean found for scheduled processing
10821 [restartedMain] INFO  C.ServerStart – Started ServerStart in 10.087 seconds (JVM running for 12.226)
22511 [http-nio-8080-exec-1] INFO  o.a.c.c.C.[Tomcat].[localhost].[/] – Initializing Spring DispatcherServlet 'dispatcherServlet'
22512 [http-nio-8080-exec-1] INFO  o.s.web.servlet.DispatcherServlet – Initializing Servlet 'dispatcherServlet'
22514 [http-nio-8080-exec-1] INFO  o.s.web.servlet.DispatcherServlet – Completed initialization in 2 ms
